<?xml version="1.0" encoding="UTF-8"?>
<!-- Generated by org.testng.reporters.JUnitXMLReporter -->
<testsuite hostname="DESKTOP-UHI90FS" ignored="0" name="Surefire test" tests="4" failures="0" timestamp="2021-03-01T12:44:47 IST" time="288.654" errors="0">
  <testcase name="fetchCarWashServices" time="115.912" classname="com.test.TestNG"/>
  <testcase name="checkFreeListing" time="53.131" classname="com.test.TestNG"/>
  <testcase name="fetchFitnessMenu" time="18.885" classname="com.test.TestNG"/>
  <testcase name="closeApplication" time="7.327" classname="com.test.TestNG"/>
</testsuite> <!-- Surefire test -->
