<?xml version="1.0" encoding="UTF-8"?>
<testng-results ignored="0" total="4" passed="4" failed="0" skipped="0">
  <reporter-output>
  </reporter-output>
  <suite started-at="2021-03-01T12:00:04 IST" name="Default suite" finished-at="2021-03-01T12:04:51 IST" duration-ms="287040">
    <groups>
    </groups>
    <test started-at="2021-03-01T12:00:04 IST" name="Default test" finished-at="2021-03-01T12:04:51 IST" duration-ms="287040">
      <class name="com.test.TestNG">
        <test-method is-config="true" signature="getDriver()[pri:0, instance:com.test.TestNG@37313c65]" started-at="2021-03-01T12:00:04 IST" name="getDriver" finished-at="2021-03-01T12:01:31 IST" duration-ms="87490" status="PASS">
          <reporter-output>
          </reporter-output>
        </test-method> <!-- getDriver -->
        <test-method signature="fetchCarWashServices()[pri:0, instance:com.test.TestNG@37313c65]" started-at="2021-03-01T12:01:31 IST" name="fetchCarWashServices" finished-at="2021-03-01T12:03:40 IST" duration-ms="128139" status="PASS">
          <reporter-output>
          </reporter-output>
        </test-method> <!-- fetchCarWashServices -->
        <test-method signature="checkFreeListing()[pri:0, instance:com.test.TestNG@37313c65]" started-at="2021-03-01T12:03:41 IST" name="checkFreeListing" finished-at="2021-03-01T12:04:29 IST" depends-on-methods="com.test.TestNG.fetchCarWashServices" duration-ms="48698" status="PASS">
          <reporter-output>
          </reporter-output>
        </test-method> <!-- checkFreeListing -->
        <test-method signature="fetchFitnessMenu()[pri:0, instance:com.test.TestNG@37313c65]" started-at="2021-03-01T12:04:29 IST" name="fetchFitnessMenu" finished-at="2021-03-01T12:04:44 IST" depends-on-methods="com.test.TestNG.checkFreeListing" duration-ms="14801" status="PASS">
          <reporter-output>
          </reporter-output>
        </test-method> <!-- fetchFitnessMenu -->
        <test-method signature="closeApplication()[pri:0, instance:com.test.TestNG@37313c65]" started-at="2021-03-01T12:04:44 IST" name="closeApplication" finished-at="2021-03-01T12:04:51 IST" depends-on-methods="com.test.TestNG.fetchFitnessMenu" duration-ms="6874" status="PASS">
          <reporter-output>
          </reporter-output>
        </test-method> <!-- closeApplication -->
      </class> <!-- com.test.TestNG -->
    </test> <!-- Default test -->
  </suite> <!-- Default suite -->
</testng-results>
