<?xml version="1.0" encoding="UTF-8"?>
<testsuite xmlns:xsi="http://www.w3.org/2001/XMLSchema-instance" xsi:noNamespaceSchemaLocation="https://maven.apache.org/surefire/maven-surefire-plugin/xsd/surefire-test-report-3.0.xsd" version="3.0" name="com.tests.TestNG" time="544.055" tests="4" errors="0" skipped="0" failures="0">
  <properties>
[...]
</properties>
  <testcase name="fetchCarWashServices" classname="com.tests.TestNG" time="166.239">
    <system-out><![CDATA[GoMechanic +(91)-8398970970
Bosch Car Service Aleshwar .. +(91)-9890308677
Shine Inc. India +(91)-9960444111
Car Mechanix +(91)-9552773244
Anvisha Car Care +(91)-8605062300
]]></system-out>
    <system-err><![CDATA[Starting ChromeDriver 87.0.4280.88 (89e2380a3e36c3464b5dd1302349b1382549290d-refs/branch-heads/4280@{#1761}) on port 37619
Only local connections are allowed.
Please see https://chromedriver.chromium.org/security-considerations for suggestions on keeping ChromeDriver safe.
ChromeDriver was started successfully.
Feb 24, 2021 11:29:46 AM org.openqa.selenium.remote.ProtocolHandshake createSession
INFO: Detected dialect: W3C
]]></system-err>
  </testcase>
  <testcase name="checkFreeListing" classname="com.tests.TestNG" time="114.844">
    <system-out><![CDATA[Error message for submitting form without any phone number: Please enter mobile number or landline number
Error message by giving a number less than 10 digits:Mobile number should contain atleast 10 digits
Error message for a number not starting with 6, 7, 8 or 9:Mobile can start with 6,7,8 or 9 only
Error message after inserting character value:Contact number can contain numbers only
]]></system-out>
  </testcase>
  <testcase name="fetchFitnessMenu" classname="com.tests.TestNG" time="134.674">
    <system-out><![CDATA[1 All Options
2 Children Gyms
3 Men Gyms
4 Unisex Gyms
5 Women Gyms
]]></system-out>
  </testcase>
  <testcase name="closeApplication" classname="com.tests.TestNG" time="2.018"/>
</testsuite>