<?xml version="1.0" encoding="UTF-8"?>
<testsuite xmlns:xsi="http://www.w3.org/2001/XMLSchema-instance" xsi:noNamespaceSchemaLocation="https://maven.apache.org/surefire/maven-surefire-plugin/xsd/surefire-test-report-3.0.xsd" version="3.0" name="com.test.TestNG" time="297.661" tests="4" errors="0" skipped="0" failures="0">
  <properties>
[...]
</properties>
  <testcase name="fetchCarWashServices" classname="com.test.TestNG" time="119.209">
    <system-out><![CDATA[Clean N Shine 07947405726
Howrah Auto Accessories +(91)-9874948273
]]></system-out>
    <system-err><![CDATA[Starting ChromeDriver 87.0.4280.88 (89e2380a3e36c3464b5dd1302349b1382549290d-refs/branch-heads/4280@{#1761}) on port 43916
Only local connections are allowed.
Please see https://chromedriver.chromium.org/security-considerations for suggestions on keeping ChromeDriver safe.
ChromeDriver was started successfully.
[1614582646.221][WARNING]: This version of ChromeDriver has not been tested with Chrome version 88.
Mar 01, 2021 12:40:52 PM org.openqa.selenium.remote.ProtocolHandshake createSession
INFO: Detected dialect: W3C
[1614582687.623][WARNING]: Timed out connecting to Chrome, retrying...
]]></system-err>
  </testcase>
  <testcase name="checkFreeListing" classname="com.test.TestNG" time="49.616">
    <system-out><![CDATA[Error message for submitting form without any phone number: Please enter mobile number or landline number
Error message by giving a number less than 10 digits:Mobile number should contain atleast 10 digits
Error message for a number not starting with 6, 7, 8 or 9:Mobile can start with 6,7,8 or 9 only
Error message after inserting character value:Contact number can contain numbers only
]]></system-out>
  </testcase>
  <testcase name="fetchFitnessMenu" classname="com.test.TestNG" time="18.633">
    <system-out><![CDATA[1 All Options
2 24 Hours Gyms
3 Calisthenic Gyms
4 Children Gyms
5 Luxury Gyms
6 Men Gyms
7 Unisex Gyms
8 Women Gyms
]]></system-out>
  </testcase>
  <testcase name="closeApplication" classname="com.test.TestNG" time="7.312"/>
</testsuite>