<?xml version="1.0" encoding="UTF-8"?>
<!-- Generated by org.testng.reporters.JUnitXMLReporter -->
<testsuite ignored="0" hostname="DESKTOP-UHI90FS" failures="0" tests="4" name="Default test" time="287.04" errors="0" timestamp="2021-03-01T12:04:52 IST">
  <testcase classname="com.test.TestNG" name="fetchCarWashServices" time="128.139"/>
  <testcase classname="com.test.TestNG" name="checkFreeListing" time="48.698"/>
  <testcase classname="com.test.TestNG" name="fetchFitnessMenu" time="14.801"/>
  <testcase classname="com.test.TestNG" name="closeApplication" time="6.874"/>
</testsuite> <!-- Default test -->
